<?xml version="1.0" encoding="UTF-8"?>
<testng-results ignored="0" total="1" passed="1" failed="0" skipped="0">
  <reporter-output>
  </reporter-output>
  <suite started-at="2021-04-18T19:51:33 IST" name="Default suite" finished-at="2021-04-18T19:56:00 IST" duration-ms="266713">
    <groups>
    </groups>
    <test started-at="2021-04-18T19:51:33 IST" name="Default test" finished-at="2021-04-18T19:56:00 IST" duration-ms="266713">
      <class name="com.kisaan.vendor.testcases.TC_13_Vendor_AddFarmersMarket">
        <test-method is-config="true" signature="classInstitiate()[pri:0, instance:com.kisaan.vendor.testcases.TC_13_Vendor_AddFarmersMarket@4e096385]" started-at="2021-04-18T19:51:33 IST" name="classInstitiate" finished-at="2021-04-18T19:51:33 IST" duration-ms="18" status="PASS">
          <reporter-output>
          </reporter-output>
        </test-method> <!-- classInstitiate -->
        <test-method is-config="true" signature="setUp(java.lang.String)[pri:0, instance:com.kisaan.vendor.testcases.TC_13_Vendor_AddFarmersMarket@4e096385]" started-at="2021-04-18T19:51:34 IST" name="setUp" finished-at="2021-04-18T19:51:39 IST" duration-ms="5495" status="PASS">
          <params>
            <param index="0">
              <value>
                <![CDATA[chrome]]>
              </value>
            </param>
          </params>
          <reporter-output>
          </reporter-output>
        </test-method> <!-- setUp -->
        <test-method is-config="true" signature="randomStringGenerate()[pri:0, instance:com.kisaan.vendor.testcases.TC_13_Vendor_AddFarmersMarket@4e096385]" started-at="2021-04-18T19:51:39 IST" name="randomStringGenerate" finished-at="2021-04-18T19:51:39 IST" duration-ms="15" status="PASS">
          <reporter-output>
          </reporter-output>
        </test-method> <!-- randomStringGenerate -->
        <test-method signature="vendor_AddSuperMarket()[pri:0, instance:com.kisaan.vendor.testcases.TC_13_Vendor_AddFarmersMarket@4e096385]" started-at="2021-04-18T19:51:39 IST" name="vendor_AddSuperMarket" finished-at="2021-04-18T19:56:00 IST" duration-ms="260662" status="PASS">
          <reporter-output>
          </reporter-output>
        </test-method> <!-- vendor_AddSuperMarket -->
        <test-method is-config="true" signature="checkResult(org.testng.ITestResult)[pri:0, instance:com.kisaan.vendor.testcases.TC_13_Vendor_AddFarmersMarket@4e096385]" started-at="2021-04-18T19:56:00 IST" name="checkResult" finished-at="2021-04-18T19:56:00 IST" duration-ms="11" status="PASS">
          <params>
            <param index="0">
              <value>
                <![CDATA[[TestResult name=vendor_AddSuperMarket status=SUCCESS method=TC_13_Vendor_AddFarmersMarket.vendor_AddSuperMarket()[pri:0, instance:com.kisaan.vendor.testcases.TC_13_Vendor_AddFarmersMarket@4e096385] output={null}]]]>
              </value>
            </param>
          </params>
          <reporter-output>
          </reporter-output>
        </test-method> <!-- checkResult -->
        <test-method is-config="true" signature="tearDown()[pri:0, instance:com.kisaan.vendor.testcases.TC_13_Vendor_AddFarmersMarket@4e096385]" started-at="2021-04-18T19:56:00 IST" name="tearDown" finished-at="2021-04-18T19:56:00 IST" duration-ms="458" status="PASS">
          <reporter-output>
          </reporter-output>
        </test-method> <!-- tearDown -->
        <test-method is-config="true" signature="openReport()[pri:0, instance:com.kisaan.vendor.testcases.TC_13_Vendor_AddFarmersMarket@4e096385]" started-at="2021-04-18T19:56:00 IST" name="openReport" finished-at="2021-04-18T19:56:00 IST" duration-ms="0" status="PASS">
          <reporter-output>
          </reporter-output>
        </test-method> <!-- openReport -->
      </class> <!-- com.kisaan.vendor.testcases.TC_13_Vendor_AddFarmersMarket -->
    </test> <!-- Default test -->
  </suite> <!-- Default suite -->
</testng-results>
